<?xml version="1.0" encoding="UTF-8"?>
<!-- Generated by org.testng.reporters.JUnitXMLReporter -->
<testsuite ignored="0" hostname="Laxmaiah-PC" failures="0" tests="2" name="Default test" time="0.151" errors="0" timestamp="2022-05-09T16:26:40 IST">
  <testcase classname="maven_project.ReadingDataFromCommandLineTest" name="readingDataFromCommandLineTest" time="0.023"/>
  <testcase classname="maven_project.ReadingDataFromCommandLineTest" name="regressionTest" time="0.003"/>
</testsuite> <!-- Default test -->
