<?xml version="1.0" encoding="UTF-8"?>
<testng-results ignored="0" total="2" passed="2" failed="0" skipped="0">
  <reporter-output>
  </reporter-output>
  <suite started-at="2022-05-09T16:26:40 IST" name="Default suite" finished-at="2022-05-09T16:26:40 IST" duration-ms="151">
    <groups>
      <group name="regression">
        <method signature="ReadingDataFromCommandLineTest.regressionTest()[pri:0, instance:maven_project.ReadingDataFromCommandLineTest@273e7444]" name="regressionTest" class="maven_project.ReadingDataFromCommandLineTest"/>
      </group> <!-- regression -->
      <group name="smoke">
        <method signature="ReadingDataFromCommandLineTest.readingDataFromCommandLineTest()[pri:0, instance:maven_project.ReadingDataFromCommandLineTest@273e7444]" name="readingDataFromCommandLineTest" class="maven_project.ReadingDataFromCommandLineTest"/>
      </group> <!-- smoke -->
    </groups>
    <test started-at="2022-05-09T16:26:40 IST" name="Default test" finished-at="2022-05-09T16:26:40 IST" duration-ms="151">
      <class name="maven_project.ReadingDataFromCommandLineTest">
        <test-method signature="readingDataFromCommandLineTest()[pri:0, instance:maven_project.ReadingDataFromCommandLineTest@273e7444]" started-at="2022-05-09T16:26:40 IST" name="readingDataFromCommandLineTest" finished-at="2022-05-09T16:26:40 IST" duration-ms="23" status="PASS">
          <reporter-output>
          </reporter-output>
        </test-method> <!-- readingDataFromCommandLineTest -->
        <test-method signature="regressionTest()[pri:0, instance:maven_project.ReadingDataFromCommandLineTest@273e7444]" started-at="2022-05-09T16:26:40 IST" name="regressionTest" finished-at="2022-05-09T16:26:40 IST" duration-ms="3" status="PASS">
          <reporter-output>
          </reporter-output>
        </test-method> <!-- regressionTest -->
      </class> <!-- maven_project.ReadingDataFromCommandLineTest -->
    </test> <!-- Default test -->
  </suite> <!-- Default suite -->
</testng-results>
